<?xml version="1.0" encoding="utf-8"?><testsuites name="pytest tests"><testsuite name="pytest" errors="0" failures="0" skipped="2" tests="108" time="10.837" timestamp="2026-05-15T22:33:41.357187+03:00" hostname="DESKTOP-8KPERNF"><testcase classname="tests.backend.test_tc_05_backend_api.TestTC0503_CRUD" name="test_create_vehicle" time="0.522" /><testcase classname="tests.backend.test_tc_05_backend_api.TestTC0503_CRUD" name="test_read_vehicle_in_list" time="0.050" /><testcase classname="tests.backend.test_tc_05_backend_api.TestTC0503_CRUD" name="test_update_vehicle_plate" time="0.053" /><testcase classname="tests.backend.test_tc_05_backend_api.TestTC0503_CRUD" name="test_delete_vehicle" time="0.072" /><testcase classname="tests.backend.test_tc_05_backend_api.TestTC0503_CRUD" name="test_update_missing_fields_returns_400" time="0.045" /><testcase classname="tests.backend.test_tc_05_backend_api.TestTC0504_FilterSort" name="test_logs_ordered_by_id_desc" time="0.044" /><testcase classname="tests.backend.test_tc_05_backend_api.TestTC0504_FilterSort" name="test_filter_by_durum" time="0.060" /><testcase classname="tests.backend.test_tc_05_backend_api.TestTC0504_FilterSort" name="test_limit_100_logs" time="0.063" /><testcase classname="tests.backend.test_tc_05_backend_api.TestTC0504_FilterSort" name="test_distinct_plates_in_logs" time="0.061" /><testcase classname="tests.backend.test_tc_05_backend_api.TestTC0505_FileUpload" name="test_valid_csv_upload" time="0.076" /><testcase classname="tests.backend.test_tc_05_backend_api.TestTC0505_FileUpload" name="test_semicolon_csv_upload" time="0.041" /><testcase classname="tests.backend.test_tc_05_backend_api.TestTC0505_FileUpload" name="test_no_file_returns_400" time="0.030" /><testcase classname="tests.backend.test_tc_05_backend_api.TestTC0505_FileUpload" name="test_header_row_skipped" time="0.039" /><testcase classname="tests.backend.test_tc_05_backend_api.TestTC0508_Idempotency" name="test_duplicate_plate_not_doubled" time="0.061" /><testcase classname="tests.backend.test_tc_05_backend_api.TestTC0508_Idempotency" name="test_logdan_yetkilendir_duplicate" time="0.065" /><testcase classname="tests.backend.test_tc_05_backend_api.TestTC0509_Timestamp" name="test_log_entry_timestamp_format" time="0.039" /><testcase classname="tests.backend.test_tc_05_backend_api.TestTC0509_Timestamp" name="test_log_timestamp_not_in_future" time="0.036" /><testcase classname="tests.backend.test_tc_05_backend_api.TestTC0511_RateLimit" name="test_flood_get_kayitli_araclar" time="0.077" /><testcase classname="tests.backend.test_tc_05_backend_api.TestTC0511_RateLimit" name="test_flood_post_arac_ekle" time="0.253" /><testcase classname="tests.backend.test_tc_05_backend_api.TestTC0513_DataPersistence" name="test_data_persists_after_db_reconnect" time="0.050" /><testcase classname="tests.backend.test_tc_05_backend_api.TestTC0513_DataPersistence" name="test_arac_persists_after_reconnect" time="0.048" /><testcase classname="tests.backend.test_tc_05_backend_api.TestTC0513_DataPersistence" name="test_multiple_writes_no_data_loss" time="0.096" /><testcase classname="tests.backend.test_tc_05_sqlite_mock_backend" name="test_tc_05_03_crud_create_read_delete" time="0.048" /><testcase classname="tests.backend.test_tc_05_sqlite_mock_backend" name="test_tc_05_08_duplicate_plate_prevention" time="0.045" /><testcase classname="tests.backend.test_tc_05_sqlite_mock_backend" name="test_tc_05_09_timestamp_format" time="0.037" /><testcase classname="tests.e2e.test_tc_07_e2e.TestTC0702_DuplicateVehicle" name="test_same_plate_five_times_api" time="0.052" /><testcase classname="tests.e2e.test_tc_07_e2e.TestTC0702_DuplicateVehicle" name="test_similarity_check_logic" time="0.018" /><testcase classname="tests.e2e.test_tc_07_e2e.TestTC0702_DuplicateVehicle" name="test_pool_counter_picks_most_common" time="0.018" /><testcase classname="tests.e2e.test_tc_07_e2e.TestTC0702_DuplicateVehicle" name="test_same_log_spam_prevention" time="0.055" /><testcase classname="tests.e2e.test_tc_07_e2e.TestTC0704_CorruptFrame" name="test_none_crop_skipped" time="0.052" /><testcase classname="tests.e2e.test_tc_07_e2e.TestTC0704_CorruptFrame" name="test_corrupt_jpeg_bytes_no_crash" time="0.021" /><testcase classname="tests.e2e.test_tc_07_e2e.TestTC0704_CorruptFrame" name="test_single_pixel_frame" time="0.041" /><testcase classname="tests.e2e.test_tc_07_e2e.TestTC0704_CorruptFrame" name="test_letterbox_with_corrupt_shape" time="0.028" /><testcase classname="tests.e2e.test_tc_07_e2e.TestTC0704_CorruptFrame" name="test_pipeline_continues_after_bad_frame" time="0.030" /><testcase classname="tests.e2e.test_tc_07_e2e.TestTC0705_Export" name="test_veriler_contains_all_fields" time="0.051" /><testcase classname="tests.e2e.test_tc_07_e2e.TestTC0705_Export" name="test_veriler_durum_values_valid" time="0.040" /><testcase classname="tests.e2e.test_tc_07_e2e.TestTC0705_Export" name="test_son_plaka_is_string" time="0.041" /><testcase classname="tests.e2e.test_tc_07_e2e.TestTC0706_ModeSwitch" name="test_switch_to_sadece_kayit" time="0.037" /><testcase classname="tests.e2e.test_tc_07_e2e.TestTC0706_ModeSwitch" name="test_switch_to_gecis_kontrol" time="0.042" /><testcase classname="tests.e2e.test_tc_07_e2e.TestTC0706_ModeSwitch" name="test_invalid_mode_rejected" time="0.040" /><testcase classname="tests.e2e.test_tc_07_e2e.TestTC0706_ModeSwitch" name="test_mode_persists_across_requests" time="0.039" /><testcase classname="tests.ocr.test_tc_04_mock_image_pipeline" name="test_tc_04_09_black_white_edge_cases" time="0.069" /><testcase classname="tests.ocr.test_tc_04_mock_image_pipeline" name="test_tc_04_10_no_plate_image_does_not_crash" time="0.042" /><testcase classname="tests.ocr.test_tc_04_mock_image_pipeline" name="test_tc_01_05_synthetic_plate_image_preprocess" time="0.021" /><testcase classname="tests.ocr.test_tc_04_ocr_pipeline.TestTC0401_Letterbox" name="test_letterbox_output_shape_640" time="0.028" /><testcase classname="tests.ocr.test_tc_04_ocr_pipeline.TestTC0401_Letterbox" name="test_letterbox_ratio_positive" time="0.021" /><testcase classname="tests.ocr.test_tc_04_ocr_pipeline.TestTC0401_Letterbox" name="test_letterbox_no_nan_inf" time="0.027" /><testcase classname="tests.ocr.test_tc_04_ocr_pipeline.TestTC0401_Letterbox" name="test_pixel_normalization_range" time="0.026" /><testcase classname="tests.ocr.test_tc_04_ocr_pipeline.TestTC0401_Letterbox" name="test_input_tensor_shape" time="0.022" /><testcase classname="tests.ocr.test_tc_04_ocr_pipeline.TestTC0406_HardCases" name="test_ocr_various_brightness[0-tam_karanlik]" time="0.032" /><testcase classname="tests.ocr.test_tc_04_ocr_pipeline.TestTC0406_HardCases" name="test_ocr_various_brightness[30-az_aydinlik]" time="0.044" /><testcase classname="tests.ocr.test_tc_04_ocr_pipeline.TestTC0406_HardCases" name="test_ocr_various_brightness[200-cok_aydinlik]" time="0.050" /><testcase classname="tests.ocr.test_tc_04_ocr_pipeline.TestTC0406_HardCases" name="test_ocr_various_brightness[255-tam_beyaz]" time="0.045" /><testcase classname="tests.ocr.test_tc_04_ocr_pipeline.TestTC0406_HardCases" name="test_ocr_blurred_image" time="0.058" /><testcase classname="tests.ocr.test_tc_04_ocr_pipeline.TestTC0406_HardCases" name="test_ocr_noisy_image" time="0.069" /><testcase classname="tests.ocr.test_tc_04_ocr_pipeline.TestTC0406_HardCases" name="test_ocr_very_small_crop" time="0.039" /><testcase classname="tests.ocr.test_tc_04_ocr_pipeline.TestTC0406_HardCases" name="test_ocr_rotated_image" time="0.074" /><testcase classname="tests.ocr.test_tc_04_ocr_pipeline.TestTC0407_Latency" name="test_letterbox_latency" time="0.081" /><testcase classname="tests.ocr.test_tc_04_ocr_pipeline.TestTC0407_Latency" name="test_ocr_process_latency" time="0.058" /><testcase classname="tests.ocr.test_tc_04_ocr_pipeline.TestTC0407_Latency" name="test_preprocess_pipeline_latency" time="0.176" /><testcase classname="tests.ocr.test_tc_04_ocr_pipeline.TestTC0409_LightingEdgeCase" name="test_full_black_no_nan" time="0.042" /><testcase classname="tests.ocr.test_tc_04_ocr_pipeline.TestTC0409_LightingEdgeCase" name="test_full_white_no_nan" time="0.041" /><testcase classname="tests.ocr.test_tc_04_ocr_pipeline.TestTC0409_LightingEdgeCase" name="test_ocr_black_returns_none" time="0.031" /><testcase classname="tests.ocr.test_tc_04_ocr_pipeline.TestTC0410_PlateNotFound" name="test_ocr_on_non_plate_returns_none" time="0.140" /><testcase classname="tests.ocr.test_tc_04_ocr_pipeline.TestTC0410_PlateNotFound" name="test_no_plate_does_not_write_db" time="0.079" /><testcase classname="tests.ocr.test_tc_04_ocr_pipeline.TestTC0410_PlateNotFound" name="test_short_ocr_result_rejected" time="0.034" /><testcase classname="tests.performance.test_tc_08_mock_performance" name="test_tc_08_02_mock_api_load" time="0.029" /><testcase classname="tests.performance.test_tc_08_mock_performance" name="test_tc_08_03_mock_web_initial_load" time="0.028" /><testcase classname="tests.performance.test_tc_08_mock_performance" name="test_tc_08_04_mock_large_list_scroll" time="0.042" /><testcase classname="tests.smoke.test_tc_01_03_data_flow" name="test_data_flow" time="4.122" /><testcase classname="tests.smoke.test_tc_01_05_ocr" name="test_ocr_pipeline" time="0.089" /><testcase classname="tests.smoke.test_tc_01_smoke_mock" name="test_tc_01_01_mock_boot_time" time="0.038" /><testcase classname="tests.smoke.test_tc_01_smoke_mock" name="test_tc_01_02_mock_camera_init" time="0.044" /><testcase classname="tests.smoke.test_tc_01_smoke_mock" name="test_tc_01_03_mock_data_read_package_send" time="0.023" /><testcase classname="tests.smoke.test_tc_01_smoke_mock" name="test_tc_01_06_mock_web_app_pages" time="0.024" /><testcase classname="tests.smoke.test_tc_01_smoke_mock" name="test_tc_01_07_mock_create_and_view_record" time="0.018" /><testcase classname="tests.unit.test_tc_00_test_infrastructure" name="test_tc_00_01_temp_db_created" time="0.055" /><testcase classname="tests.unit.test_tc_00_test_infrastructure" name="test_tc_00_02_synthetic_plate_fixture" time="0.026" /><testcase classname="tests.unit.test_tc_00_test_infrastructure" name="test_tc_00_03_logger_writes_json" time="0.029" /><testcase classname="tests.unit.test_tc_02_09_unit_security.TestTC0201_Determinism" name="test_regex_same_input_same_output" time="0.029" /><testcase classname="tests.unit.test_tc_02_09_unit_security.TestTC0201_Determinism" name="test_regex_known_vectors" time="0.032" /><testcase classname="tests.unit.test_tc_02_09_unit_security.TestTC0201_Determinism" name="test_regex_boundary_il_codes" time="0.029" /><testcase classname="tests.unit.test_tc_02_09_unit_security.TestTC0203_StateMachine" name="test_valid_state_transitions" time="0.067" /><testcase classname="tests.unit.test_tc_02_09_unit_security.TestTC0203_StateMachine" name="test_invalid_event_no_state_corruption" time="0.060" /><testcase classname="tests.unit.test_tc_02_09_unit_security.TestTC0204_TimeoutRetry" name="test_check_database_wrong_db_returns_false" time="0.052" /><testcase classname="tests.unit.test_tc_02_09_unit_security.TestTC0204_TimeoutRetry" name="test_check_database_returns_tuple" time="0.071" /><testcase classname="tests.unit.test_tc_02_09_unit_security.TestTC0204_TimeoutRetry" name="test_allowed_vehicle_recognized" time="0.093" /><testcase classname="tests.unit.test_tc_02_09_unit_security.TestTC0204_TimeoutRetry" name="test_unknown_vehicle_returns_false" time="0.054" /><testcase classname="tests.unit.test_tc_02_09_unit_security.TestTC0205_BufferOverflow" name="test_pool_10_items_triggers_decision" time="0.034" /><testcase classname="tests.unit.test_tc_02_09_unit_security.TestTC0205_BufferOverflow" name="test_pool_cleared_after_decision" time="0.051" /><testcase classname="tests.unit.test_tc_02_09_unit_security.TestTC0205_BufferOverflow" name="test_short_plates_not_added_to_pool" time="0.054" /><testcase classname="tests.unit.test_tc_02_09_unit_security.TestTC0206_ConfigPersistence" name="test_write_read_config_vehicle" time="0.075" /><testcase classname="tests.unit.test_tc_02_09_unit_security.TestTC0206_ConfigPersistence" name="test_db_name_configurable" time="0.048" /><testcase classname="tests.unit.test_tc_02_09_unit_security.TestTC0901_BruteForce" name="test_repeated_wrong_mod_does_not_crash" time="0.085" /><testcase classname="tests.unit.test_tc_02_09_unit_security.TestTC0901_BruteForce" name="test_high_frequency_get_stable" time="0.181" /><testcase classname="tests.unit.test_tc_02_09_unit_security.TestTC0903_UnauthorizedAccess" name="test_sql_injection_in_plaka" time="0.082" /><testcase classname="tests.unit.test_tc_02_09_unit_security.TestTC0903_UnauthorizedAccess" name="test_delete_nonexistent_id" time="0.080" /><testcase classname="tests.unit.test_tc_02_09_unit_security.TestTC0903_UnauthorizedAccess" name="test_check_database_normalizes_input" time="0.082" /><testcase classname="tests.unit.test_tc_02_09_unit_security.TestTC0905_LogLeakage" name="test_api_response_no_sensitive_keys" time="0.092" /><testcase classname="tests.unit.test_tc_02_09_unit_security.TestTC0905_LogLeakage" name="test_rtsp_credentials_not_in_api" time="0.051" /><testcase classname="tests.unit.test_tc_02_09_unit_security.TestTC0909_CSP" name="test_index_response_headers_present" time="0.081" /><testcase classname="tests.unit.test_tc_02_09_unit_security.TestTC0909_CSP" name="test_csp_header_recommendation" time="0.061"><skipped type="pytest.skip" message="CSP header mevcut değil (flask-talisman gerekli)">C:\Users\90546\Desktop\PLATE-DETECTION\plate_detection\tests\unit\test_tc_02_09_unit_security.py:476: CSP header mevcut değil (flask-talisman gerekli)</skipped></testcase><testcase classname="tests.unit.test_tc_02_09_unit_security.TestTC0909_CSP" name="test_x_frame_options_recommendation" time="0.051"><skipped type="pytest.skip" message="X-Frame-Options mevcut değil">C:\Users\90546\Desktop\PLATE-DETECTION\plate_detection\tests\unit\test_tc_02_09_unit_security.py:490: X-Frame-Options mevcut değil</skipped></testcase><testcase classname="tests.unit.test_tc_02_unit_core" name="test_tc_02_01_checksum_calculation" time="0.026" /><testcase classname="tests.unit.test_tc_02_unit_core" name="test_tc_02_03_state_machine_transitions" time="0.030" /><testcase classname="tests.unit.test_tc_02_unit_core" name="test_tc_02_04_timeout_retry_backoff" time="0.037" /><testcase classname="tests.unit.test_tc_02_unit_core" name="test_tc_02_05_ring_buffer_overflow" time="0.034" /><testcase classname="tests.unit.test_tc_02_unit_core" name="test_tc_02_06_parameter_read_write" time="0.037" /></testsuite></testsuites>